<?xml version="1.0" encoding="UTF-8"?>
<!-- Generated by org.testng.reporters.JUnitXMLReporter -->
<testsuite hostname="WIN-K344N9L8257" ignored="9" name="Test-Chrome" tests="4" failures="3" timestamp="24 Jul 2018 13:00:15 GMT" time="41.616" errors="0">
  <testcase name="runTC_02_Login_FreeCRM_HomePage" time="7.615" classname="testScripts.FREE_CRM.TC_02_Login_FreeCRM_HomePage"/>
  <testcase name="runTC_06_POST_Create_Place" time="1.937" classname="testScripts.TWITTER.TC_06_POST_Create_Place">
    <failure type="java.lang.AssertionError" message="The following asserts failed:
	expected [true] but found [false]">
      <![CDATA[java.lang.AssertionError: The following asserts failed:
expected [true] but found [false]
at testScripts.TWITTER.TC_06_POST_Create_Place.runTC_06_POST_Create_Place(TC_06_POST_Create_Place.java:21)
... Removed 26 stack frames]]>
    </failure>
  </testcase> <!-- runTC_06_POST_Create_Place -->
  <testcase name="runTC_11_GET_Twitter_oAuth_Latest_Tweet" time="0.436" classname="testScripts.TWITTER.TC_11_GET_Twitter_oAuth_Latest_Tweet">
    <failure type="java.lang.AssertionError" message="The following asserts failed:
	expected [true] but found [false]">
      <![CDATA[java.lang.AssertionError: The following asserts failed:
expected [true] but found [false]
at testScripts.TWITTER.TC_11_GET_Twitter_oAuth_Latest_Tweet.runTC_11_GET_Twitter_oAuth_Latest_Tweet(TC_11_GET_Twitter_oAuth_Latest_Tweet.java:21)
... Removed 26 stack frames]]>
    </failure>
  </testcase> <!-- runTC_11_GET_Twitter_oAuth_Latest_Tweet -->
  <testcase name="runTC_04_Login_Twitter_Checking_Headers" time="10.472" classname="testScripts.TWITTER.TC_04_Login_Twitter_Checking_Headers">
    <failure type="java.lang.AssertionError" message="The following asserts failed:
	expected [true] but found [false]">
      <![CDATA[java.lang.AssertionError: The following asserts failed:
expected [true] but found [false]
at testScripts.TWITTER.TC_04_Login_Twitter_Checking_Headers.runTC_04_Login_Twitter_Checking_Headers(TC_04_Login_Twitter_Checking_Headers.java:20)
... Removed 26 stack frames]]>
    </failure>
  </testcase> <!-- runTC_04_Login_Twitter_Checking_Headers -->
  <testcase name="@AfterSuite windUp" time="0.0" classname="supportLiberaries.TestCaseBase">
    <ignored/>
  </testcase> <!-- @AfterSuite windUp -->
  <testcase name="@AfterSuite windUp" time="0.0" classname="supportLiberaries.TestCaseBase">
    <ignored/>
  </testcase> <!-- @AfterSuite windUp -->
  <testcase name="@AfterSuite windUp" time="0.0" classname="supportLiberaries.TestCaseBase">
    <ignored/>
  </testcase> <!-- @AfterSuite windUp -->
  <testcase name="@AfterTest wrapUp" time="0.0" classname="supportLiberaries.TestCaseBase">
    <ignored/>
  </testcase> <!-- @AfterTest wrapUp -->
  <testcase name="@AfterTest wrapUp" time="0.0" classname="supportLiberaries.TestCaseBase">
    <ignored/>
  </testcase> <!-- @AfterTest wrapUp -->
  <testcase name="@AfterTest wrapUp" time="0.0" classname="supportLiberaries.TestCaseBase">
    <ignored/>
  </testcase> <!-- @AfterTest wrapUp -->
  <testcase name="@BeforeSuite initializations" time="0.0" classname="supportLiberaries.TestCaseBase">
    <ignored/>
  </testcase> <!-- @BeforeSuite initializations -->
  <testcase name="@BeforeSuite initializations" time="0.0" classname="supportLiberaries.TestCaseBase">
    <ignored/>
  </testcase> <!-- @BeforeSuite initializations -->
  <testcase name="@BeforeSuite initializations" time="0.0" classname="supportLiberaries.TestCaseBase">
    <ignored/>
  </testcase> <!-- @BeforeSuite initializations -->
</testsuite> <!-- Test-Chrome -->
