SLF4J: Failed to loaCurrenttt------?
jsonPath-address newValue-Kanpur
before doc context
Currenttt------?
jsonPath-phone_number newValue-9035691372
{"location":{"lat":-33.866971,"lng":151.195875},"accuracy":50,"name":"Google Shoes!","phone_number":"9035691372","address":"Kanpur","types":["shoe_store"],"website":"http://www.google.com.au/","language":"en-AU"}
Request method:	POST
Request URI:	https://maps.googleapis.com/maps/api/place/add/json?key=AIzaSyDlxWVxZPkOVTslECBOqX8PjpK68t8EZF0
Proxy:			<none>
Request params:	<none>
Query params:	key=AIzaSyDlxWVxZPkOVTslECBOqX8PjpK68t8EZF0
Form params:	<none>
Path params:	<none>
Multiparts:		<none>
Headers:		Accept=application/json, application/javascript, text/javascript
				Content-Type=application/json; charset=UTF-8
Cookies:		<none>
Body:
{
    "location": {
        "lat": -33.866971,
        "lng": 151.195875
    },
    "accuracy": 50,
    "name": "Google Shoes!",
    "phone_number": "9035691372",
    "address": "Kanpur",
    "types": [
        "shoe_store"
    ],
    "website": "http://www.google.com.au/",
    "language": "en-AU"
}
{
    "id": "465dd91325bf3c8c5d5732182e6c847ecb154b91",
    "place_id": "qgYvCi0wMDAwMDA3MTJiNjhhYTU1OjZiMTJhZTM3YjQ3OmRmY2Y1ODg0ZDYzMDA0ZjU",
    "reference": "CkQxAAAAR7J_LL5VzoqYxjd1VZP4HVWbRqfHbQnUqwVFqOwfS5m4WVNMWE6gD7fKzEHNzrpVPwwaXVq_iyYqTLQlcGh8DxIQaOfy_HwELc6nXCLR2CxcvRoUIPPtXbL5ad2WaDn3_yhwDA5fV9A",
    "scope": "APP",
    "status": "OK"
}
FAILED: runTC_06_POST_Create_Place
java.lang.AssertionError: Exception other than UI validation. expected [true] but found [false]
	at org.testng.Assert.fail(Assert.java:96)
	at org.testng.Assert.failNotEquals(Assert.java:776)
	at org.testng.Assert.assertTrue(Assert.java:44)
	at supportLiberaries.DriverScript.startExecution(DriverScript.java:55)
	at testScripts.TWITTER.TC_06_POST_Create_Place.runTC_06_POST_Create_Place(TC_06_POST_Create_Place.java:18)
	at sun.reflect.NativeMethodAccessorImpl.invoke0(Native Method)
	at sun.reflect.NativeMethodAccessorImpl.invoke(Unknown Source)
	at sun.reflect.DelegatingMethodAccessorImpl.invoke(Unknown Source)
	at java.lang.reflect.Method.invoke(Unknown Source)
	at org.testng.internal.MethodInvocationHelper.invokeMethod(MethodInvocationHelper.java:124)
	at org.testng.internal.Invoker.invokeMethod(Invoker.java:580)
	at org.testng.internal.Invoker.invokeTestMethod(Invoker.java:716)
	at org.testng.internal.Invoker.invokeTestMethods(Invoker.java:988)
	at org.testng.internal.TestMethodWorker.invokeTestMethods(TestMethodWorker.java:125)
	at org.testng.internal.TestMethodWorker.run(TestMethodWorker.java:109)
	at org.testng.TestRunner.privateRun(TestRunner.java:648)
	at org.testng.TestRunner.run(TestRunner.java:505)
	at org.testng.SuiteRunner.runTest(SuiteRunner.java:455)
	at org.testng.SuiteRunner.runSequentially(SuiteRunner.java:450)
	at org.testng.SuiteRunner.privateRun(SuiteRunner.java:415)
	at org.testng.SuiteRunner.run(SuiteRunner.java:364)
	at org.testng.SuiteRunnerWorker.runSuite(SuiteRunnerWorker.java:52)
	at org.testng.SuiteRunnerWorker.run(SuiteRunnerWorker.java:84)
	at org.testng.TestNG.runSuitesSequentially(TestNG.java:1208)
	at org.testng.TestNG.runSuitesLocally(TestNG.java:1137)
	at org.testng.TestNG.runSuites(TestNG.java:1049)
	at org.testng.TestNG.run(TestNG.java:1017)
	at org.testng.remote.AbstractRemoteTestNG.run(AbstractRemoteTestNG.java:114)
	at org.testng.remote.RemoteTestNG.initAndRun(RemoteTestNG.java:251)
	at org.testng.remote.RemoteTestNG.main(RemoteTestNG.java:77)


===============================================
    Default test
    Tests run: 1, Failures: 1, Skips: 0
===============================================


===============================================
Default suite
Total tests run: 1, Failures: 1, Skips: 0
===============================================

