<?xml version="1.0" encoding="UTF-8"?>
<!-- Generated by org.testng.reporters.JUnitXMLReporter -->
<testsuite hostname="WIN-K344N9L8257" ignored="12" name="Test-Chrome" tests="4" failures="1" timestamp="31 Aug 2018 07:49:37 GMT" time="85.389" errors="0">
  <testcase name="Testing_TC11_Sanity_Test_For_SIGMA_OM_Designer" time="11.64" classname="testScripts.SMOKE.TC11_Sanity_Test_For_SIGMA_OM_Designer"/>
  <testcase name="runTC_05_GET_Google_Search_Place" time="1.637" classname="testScripts.SMOKE.TC_05_GET_Google_Search_Place"/>
  <testcase name="Testing_TC12_Sanity_Test_For_SIGMA_OM_Runtime" time="10.572" classname="testScripts.SMOKE.TC12_Sanity_Test_For_SIGMA_OM_Runtime">
    <failure type="java.lang.AssertionError" message="The following asserts failed:
	expected [true] but found [false]">
      <![CDATA[java.lang.AssertionError: The following asserts failed:
expected [true] but found [false]
at testScripts.SMOKE.TC12_Sanity_Test_For_SIGMA_OM_Runtime.Testing_TC12_Sanity_Test_For_SIGMA_OM_Runtime(TC12_Sanity_Test_For_SIGMA_OM_Runtime.java:20)
... Removed 26 stack frames]]>
    </failure>
  </testcase> <!-- Testing_TC12_Sanity_Test_For_SIGMA_OM_Runtime -->
  <testcase name="Testing_TC13_Sanity_Test_For_SIGMA_OM_Admin" time="8.641" classname="testScripts.SMOKE.TC13_Sanity_Test_For_SIGMA_OM_Admin"/>
  <testcase name="@AfterSuite windUp" time="0.0" classname="supportLiberaries.TestCaseBase">
    <ignored/>
  </testcase> <!-- @AfterSuite windUp -->
  <testcase name="@AfterSuite windUp" time="0.0" classname="supportLiberaries.TestCaseBase">
    <ignored/>
  </testcase> <!-- @AfterSuite windUp -->
  <testcase name="@AfterSuite windUp" time="0.0" classname="supportLiberaries.TestCaseBase">
    <ignored/>
  </testcase> <!-- @AfterSuite windUp -->
  <testcase name="@AfterTest wrapUp" time="0.0" classname="supportLiberaries.TestCaseBase">
    <ignored/>
  </testcase> <!-- @AfterTest wrapUp -->
  <testcase name="@AfterTest wrapUp" time="0.0" classname="supportLiberaries.TestCaseBase">
    <ignored/>
  </testcase> <!-- @AfterTest wrapUp -->
  <testcase name="@AfterTest wrapUp" time="0.0" classname="supportLiberaries.TestCaseBase">
    <ignored/>
  </testcase> <!-- @AfterTest wrapUp -->
  <testcase name="@BeforeSuite reportInitializations" time="0.0" classname="supportLiberaries.TestCaseBase">
    <ignored/>
  </testcase> <!-- @BeforeSuite reportInitializations -->
  <testcase name="@BeforeSuite reportInitializations" time="0.0" classname="supportLiberaries.TestCaseBase">
    <ignored/>
  </testcase> <!-- @BeforeSuite reportInitializations -->
  <testcase name="@BeforeSuite reportInitializations" time="0.0" classname="supportLiberaries.TestCaseBase">
    <ignored/>
  </testcase> <!-- @BeforeSuite reportInitializations -->
  <testcase name="@BeforeTest initializations" time="0.0" classname="supportLiberaries.TestCaseBase">
    <ignored/>
  </testcase> <!-- @BeforeTest initializations -->
  <testcase name="@BeforeTest initializations" time="0.0" classname="supportLiberaries.TestCaseBase">
    <ignored/>
  </testcase> <!-- @BeforeTest initializations -->
  <testcase name="@BeforeTest initializations" time="0.0" classname="supportLiberaries.TestCaseBase">
    <ignored/>
  </testcase> <!-- @BeforeTest initializations -->
</testsuite> <!-- Test-Chrome -->
