<html>
<head>
<title>TestNG:  Test-Chrome</title>
<link href="../testng.css" rel="stylesheet" type="text/css" />
<link href="../my-testng.css" rel="stylesheet" type="text/css" />

<style type="text/css">
.log { display: none;} 
.stack-trace { display: none;} 
</style>
<script type="text/javascript">
<!--
function flip(e) {
  current = e.style.display;
  if (current == 'block') {
    e.style.display = 'none';
    return 0;
  }
  else {
    e.style.display = 'block';
    return 1;
  }
}

function toggleBox(szDivId, elem, msg1, msg2)
{
  var res = -1;  if (document.getElementById) {
    res = flip(document.getElementById(szDivId));
  }
  else if (document.all) {
    // this is the way old msie versions work
    res = flip(document.all[szDivId]);
  }
  if(elem) {
    if(res == 0) elem.innerHTML = msg1; else elem.innerHTML = msg2;
  }

}

function toggleAllBoxes() {
  if (document.getElementsByTagName) {
    d = document.getElementsByTagName('div');
    for (i = 0; i < d.length; i++) {
      if (d[i].className == 'log') {
        flip(d[i]);
      }
    }
  }
}

// -->
</script>

</head>
<body>
<h2 align='center'>Test-Chrome</h2><table border='1' align="center">
<tr>
<td>Tests passed/Failed/Skipped:</td><td>3/1/0</td>
</tr><tr>
<td>Started on:</td><td>Fri Aug 31 13:18:11 IST 2018</td>
</tr>
<tr><td>Total time:</td><td>85 seconds (85389 ms)</td>
</tr><tr>
<td>Included groups:</td><td></td>
</tr><tr>
<td>Excluded groups:</td><td></td>
</tr>
</table><p/>
<small><i>(Hover the method name to see the test class name)</i></small><p/>
<table width='100%' border='1' class='invocation-failed'>
<tr><td colspan='4' align='center'><b>FAILED TESTS</b></td></tr>
<tr><td><b>Test method</b></td>
<td width="30%"><b>Exception</b></td>
<td width="10%"><b>Time (seconds)</b></td>
<td><b>Instance</b></td>
</tr>
<tr>
<td title='testScripts.SMOKE.TC12_Sanity_Test_For_SIGMA_OM_Runtime.Testing_TC12_Sanity_Test_For_SIGMA_OM_Runtime()'><b>Testing_TC12_Sanity_Test_For_SIGMA_OM_Runtime</b><br>Test class: testScripts.SMOKE.TC12_Sanity_Test_For_SIGMA_OM_Runtime</td>
<td><div><pre>java.lang.AssertionError: The following asserts failed:
	expected [true] but found [false]
	at testScripts.SMOKE.TC12_Sanity_Test_For_SIGMA_OM_Runtime.Testing_TC12_Sanity_Test_For_SIGMA_OM_Runtime(TC12_Sanity_Test_For_SIGMA_OM_Runtime.java:20)
... Removed 26 stack frames</pre></div><a href='#' onClick='toggleBox("stack-trace382055690", this, "Click to show all stack frames", "Click to hide stack frames")'>Click to show all stack frames</a>
<div class='stack-trace' id='stack-trace382055690'><pre>java.lang.AssertionError: The following asserts failed:
	expected [true] but found [false]
	at org.testng.asserts.SoftAssert.assertAll(SoftAssert.java:43)
	at testScripts.SMOKE.TC12_Sanity_Test_For_SIGMA_OM_Runtime.Testing_TC12_Sanity_Test_For_SIGMA_OM_Runtime(TC12_Sanity_Test_For_SIGMA_OM_Runtime.java:20)
	at sun.reflect.NativeMethodAccessorImpl.invoke0(Native Method)
	at sun.reflect.NativeMethodAccessorImpl.invoke(NativeMethodAccessorImpl.java:62)
	at sun.reflect.DelegatingMethodAccessorImpl.invoke(DelegatingMethodAccessorImpl.java:43)
	at java.lang.reflect.Method.invoke(Method.java:498)
	at org.testng.internal.MethodInvocationHelper.invokeMethod(MethodInvocationHelper.java:124)
	at org.testng.internal.Invoker.invokeMethod(Invoker.java:580)
	at org.testng.internal.Invoker.invokeTestMethod(Invoker.java:716)
	at org.testng.internal.Invoker.invokeTestMethods(Invoker.java:988)
	at org.testng.internal.TestMethodWorker.invokeTestMethods(TestMethodWorker.java:125)
	at org.testng.internal.TestMethodWorker.run(TestMethodWorker.java:109)
	at org.testng.TestRunner.privateRun(TestRunner.java:648)
	at org.testng.TestRunner.run(TestRunner.java:505)
	at org.testng.SuiteRunner.runTest(SuiteRunner.java:455)
	at org.testng.SuiteRunner.runSequentially(SuiteRunner.java:450)
	at org.testng.SuiteRunner.privateRun(SuiteRunner.java:415)
	at org.testng.SuiteRunner.run(SuiteRunner.java:364)
	at org.testng.SuiteRunnerWorker.runSuite(SuiteRunnerWorker.java:52)
	at org.testng.SuiteRunnerWorker.run(SuiteRunnerWorker.java:84)
	at org.testng.TestNG.runSuitesSequentially(TestNG.java:1208)
	at org.testng.TestNG.runSuitesLocally(TestNG.java:1137)
	at org.testng.TestNG.runSuites(TestNG.java:1049)
	at org.testng.TestNG.run(TestNG.java:1017)
	at org.testng.remote.AbstractRemoteTestNG.run(AbstractRemoteTestNG.java:114)
	at org.testng.remote.RemoteTestNG.initAndRun(RemoteTestNG.java:251)
	at org.testng.remote.RemoteTestNG.main(RemoteTestNG.java:77)
</pre></div></td>
<td>10</td>
<td>testScripts.SMOKE.TC12_Sanity_Test_For_SIGMA_OM_Runtime@1fc2b765</td></tr>
</table><p>
<table width='100%' border='1' class='invocation-passed'>
<tr><td colspan='4' align='center'><b>PASSED TESTS</b></td></tr>
<tr><td><b>Test method</b></td>
<td width="30%"><b>Exception</b></td>
<td width="10%"><b>Time (seconds)</b></td>
<td><b>Instance</b></td>
</tr>
<tr>
<td title='testScripts.SMOKE.TC11_Sanity_Test_For_SIGMA_OM_Designer.Testing_TC11_Sanity_Test_For_SIGMA_OM_Designer()'><b>Testing_TC11_Sanity_Test_For_SIGMA_OM_Designer</b><br>Test class: testScripts.SMOKE.TC11_Sanity_Test_For_SIGMA_OM_Designer</td>
<td></td>
<td>11</td>
<td>testScripts.SMOKE.TC11_Sanity_Test_For_SIGMA_OM_Designer@43738a82</td></tr>
<tr>
<td title='testScripts.SMOKE.TC13_Sanity_Test_For_SIGMA_OM_Admin.Testing_TC13_Sanity_Test_For_SIGMA_OM_Admin()'><b>Testing_TC13_Sanity_Test_For_SIGMA_OM_Admin</b><br>Test class: testScripts.SMOKE.TC13_Sanity_Test_For_SIGMA_OM_Admin</td>
<td></td>
<td>8</td>
<td>testScripts.SMOKE.TC13_Sanity_Test_For_SIGMA_OM_Admin@75881071</td></tr>
<tr>
<td title='testScripts.SMOKE.TC_05_GET_Google_Search_Place.runTC_05_GET_Google_Search_Place()'><b>runTC_05_GET_Google_Search_Place</b><br>Test class: testScripts.SMOKE.TC_05_GET_Google_Search_Place</td>
<td></td>
<td>1</td>
<td>testScripts.SMOKE.TC_05_GET_Google_Search_Place@c81cdd1</td></tr>
</table><p>
</body>
</html>